<?xml version="1.0" encoding="UTF-8"?>
<testsuite xmlns:xsi="http://www.w3.org/2001/XMLSchema-instance" xsi:noNamespaceSchemaLocation="https://maven.apache.org/surefire/maven-surefire-plugin/xsd/surefire-test-report.xsd" version="3.0.2" name="com.care.boot.BootApplicationTests" time="3.452" tests="1" errors="0" skipped="0" failures="0">
  <properties>
[...]
</properties>
  <testcase name="contextLoads" classname="com.care.boot.BootApplicationTests" time="0.601">
    <system-out><![CDATA[17:25:02.762 [main] INFO org.springframework.test.context.support.AnnotationConfigContextLoaderUtils -- Could not detect default configuration classes for test class [com.care.boot.BootApplicationTests]: BootApplicationTests does not declare any static, non-private, non-final, nested classes annotated with @Configuration.
17:25:02.847 [main] INFO org.springframework.boot.test.context.SpringBootTestContextBootstrapper -- Found @SpringBootConfiguration com.care.boot.BootApplication for test class com.care.boot.BootApplicationTests

  .   ____          _            __ _ _
 /\\ / ___'_ __ _ _(_)_ __  __ _ \ \ \ \
( ( )\___ | '_ | '_| | '_ \/ _` | \ \ \ \
 \\/  ___)| |_)| | | | | || (_| |  ) ) ) )
  '  |____| .__|_| |_|_| |_\__, | / / / /
 =========|_|==============|___/=/_/_/_/

 :: Spring Boot ::                (v3.4.3)

2025-03-30T17:25:03.194+09:00  INFO 16620 --- [boot] [           main] com.care.boot.BootApplicationTests       : Starting BootApplicationTests using Java 17.0.11 with PID 16620 (started by wish in C:\web\workspace\boot)
2025-03-30T17:25:03.195+09:00  INFO 16620 --- [boot] [           main] com.care.boot.BootApplicationTests       : No active profile set, falling back to 1 default profile: "default"
2025-03-30T17:25:03.739+09:00  INFO 16620 --- [boot] [           main] .s.d.r.c.RepositoryConfigurationDelegate : Multiple Spring Data modules found, entering strict repository configuration mode
2025-03-30T17:25:03.743+09:00  INFO 16620 --- [boot] [           main] .s.d.r.c.RepositoryConfigurationDelegate : Bootstrapping Spring Data Redis repositories in DEFAULT mode.
2025-03-30T17:25:03.767+09:00  INFO 16620 --- [boot] [           main] .s.d.r.c.RepositoryConfigurationDelegate : Finished Spring Data repository scanning in 10 ms. Found 0 Redis repository interfaces.
2025-03-30T17:25:04.838+09:00  INFO 16620 --- [boot] [           main] o.s.b.a.w.s.WelcomePageHandlerMapping    : Adding welcome page template: index
2025-03-30T17:25:05.471+09:00  INFO 16620 --- [boot] [           main] com.care.boot.BootApplicationTests       : Started BootApplicationTests in 2.471 seconds (process running for 3.285)
]]></system-out>
  </testcase>
</testsuite>